<?xml version="1.0" encoding="UTF-8"?>
<!-- Generated by org.testng.reporters.JUnitReportReporter -->
<testsuite hostname="Arun" failures="0" tests="3" name="SELENIUM.SELENIUM.Spartoo" time="3.447" errors="0" timestamp="2022-11-25T21:00:22 IST" skipped="0">
  <testcase classname="SELENIUM.SELENIUM.Spartoo" name="siginUserName" time="1.183"/>
  <system-out/>
  <testcase classname="SELENIUM.SELENIUM.Spartoo" name="siginUserName" time="1.132"/>
  <system-out/>
  <testcase classname="SELENIUM.SELENIUM.Spartoo" name="siginUserName" time="1.132"/>
  <system-out/>
</testsuite> <!-- SELENIUM.SELENIUM.Spartoo -->
